# JRE version: OpenJDK Runtime Environment (11.0.13) (build 11.0.13+0-b1751.21-8125866)
# Java VM: OpenJDK 64-Bit Server VM (11.0.13+0-b1751.21-8125866, mixed mode, tiered, compressed oops, g1 gc, windows-amd64)
Heap:
 garbage-first heap   total 225280K, used 152814K [0x0000000080000000, 0x0000000100000000)
  region size 1024K, 15 young (15360K), 5 survivors (5120K)
 Metaspace       used 111335K, capacity 114099K, committed 114688K, reserved 1148928K
  class space    used 14149K, capacity 15163K, committed 15360K, reserved 1048576K
GC Heap History (20 events):
Event: 47.637 GC heap before
{Heap before GC invocations=63 (full 0):
 garbage-first heap   total 225280K, used 177511K [0x0000000080000000, 0x0000000100000000)
  region size 1024K, 46 young (47104K), 4 survivors (4096K)
 Metaspace       used 100857K, capacity 103264K, committed 103552K, reserved 1138688K
  class space    used 12928K, capacity 13833K, committed 13952K, reserved 1048576K
}
Event: 47.645 GC heap after
{Heap after GC invocations=64 (full 0):
 garbage-first heap   total 225280K, used 138001K [0x0000000080000000, 0x0000000100000000)
  region size 1024K, 5 young (5120K), 5 survivors (5120K)
 Metaspace       used 100857K, capacity 103264K, committed 103552K, reserved 1138688K
  class space    used 12928K, capacity 13833K, committed 13952K, reserved 1048576K
}
Event: 49.479 GC heap before
{Heap before GC invocations=65 (full 0):
 garbage-first heap   total 225280K, used 179985K [0x0000000080000000, 0x0000000100000000)
  region size 1024K, 47 young (48128K), 5 survivors (5120K)
 Metaspace       used 102027K, capacity 104505K, committed 104704K, reserved 1140736K
  class space    used 13039K, capacity 13998K, committed 14080K, reserved 1048576K
}
Event: 49.487 GC heap after
{Heap after GC invocations=66 (full 0):
 garbage-first heap   total 225280K, used 140492K [0x0000000080000000, 0x0000000100000000)
  region size 1024K, 5 young (5120K), 5 survivors (5120K)
 Metaspace       used 102027K, capacity 104505K, committed 104704K, reserved 1140736K
  class space    used 13039K, capacity 13998K, committed 14080K, reserved 1048576K
}
Event: 50.958 GC heap before
{Heap before GC invocations=66 (full 0):
 garbage-first heap   total 225280K, used 183500K [0x0000000080000000, 0x0000000100000000)
  region size 1024K, 47 young (48128K), 5 survivors (5120K)
 Metaspace       used 105081K, capacity 107545K, committed 107648K, reserved 1142784K
  class space    used 13447K, capacity 14414K, committed 14464K, reserved 1048576K
}
Event: 50.963 GC heap after
{Heap after GC invocations=67 (full 0):
 garbage-first heap   total 225280K, used 141728K [0x0000000080000000, 0x0000000100000000)
  region size 1024K, 4 young (4096K), 4 survivors (4096K)
 Metaspace       used 105081K, capacity 107545K, committed 107648K, reserved 1142784K
  class space    used 13447K, capacity 14414K, committed 14464K, reserved 1048576K
}
Event: 51.806 GC heap before
{Heap before GC invocations=68 (full 0):
 garbage-first heap   total 225280K, used 185760K [0x0000000080000000, 0x0000000100000000)
  region size 1024K, 47 young (48128K), 4 survivors (4096K)
 Metaspace       used 107794K, capacity 110266K, committed 110464K, reserved 1144832K
  class space    used 13747K, capacity 14653K, committed 14720K, reserved 1048576K
}
Event: 51.814 GC heap after
{Heap after GC invocations=69 (full 0):
 garbage-first heap   total 225280K, used 144724K [0x0000000080000000, 0x0000000100000000)
  region size 1024K, 4 young (4096K), 4 survivors (4096K)
 Metaspace       used 107794K, capacity 110266K, committed 110464K, reserved 1144832K
  class space    used 13747K, capacity 14653K, committed 14720K, reserved 1048576K
}
Event: 53.442 GC heap before
{Heap before GC invocations=69 (full 0):
 garbage-first heap   total 225280K, used 187732K [0x0000000080000000, 0x0000000100000000)
  region size 1024K, 46 young (47104K), 4 survivors (4096K)
 Metaspace       used 108721K, capacity 111276K, committed 111360K, reserved 1146880K
  class space    used 13874K, capacity 14819K, committed 14848K, reserved 1048576K
}
Event: 53.448 GC heap after
{Heap after GC invocations=70 (full 0):
 garbage-first heap   total 225280K, used 147242K [0x0000000080000000, 0x0000000100000000)
  region size 1024K, 3 young (3072K), 3 survivors (3072K)
 Metaspace       used 108721K, capacity 111276K, committed 111360K, reserved 1146880K
  class space    used 13874K, capacity 14819K, committed 14848K, reserved 1048576K
}
Event: 451.449 GC heap before
{Heap before GC invocations=71 (full 0):
 garbage-first heap   total 225280K, used 189226K [0x0000000080000000, 0x0000000100000000)
  region size 1024K, 44 young (45056K), 3 survivors (3072K)
 Metaspace       used 110556K, capacity 113338K, committed 113536K, reserved 1146880K
  class space    used 14101K, capacity 15112K, committed 15232K, reserved 1048576K
}
Event: 451.464 GC heap after
{Heap after GC invocations=72 (full 0):
 garbage-first heap   total 225280K, used 147831K [0x0000000080000000, 0x0000000100000000)
  region size 1024K, 4 young (4096K), 4 survivors (4096K)
 Metaspace       used 110556K, capacity 113338K, committed 113536K, reserved 1146880K
  class space    used 14101K, capacity 15112K, committed 15232K, reserved 1048576K
}
Event: 2821.454 GC heap before
{Heap before GC invocations=72 (full 0):
 garbage-first heap   total 225280K, used 190839K [0x0000000080000000, 0x0000000100000000)
  region size 1024K, 46 young (47104K), 4 survivors (4096K)
 Metaspace       used 110760K, capacity 113532K, committed 113792K, reserved 1148928K
  class space    used 14101K, capacity 15112K, committed 15232K, reserved 1048576K
}
Event: 2821.469 GC heap after
{Heap after GC invocations=73 (full 0):
 garbage-first heap   total 225280K, used 147983K [0x0000000080000000, 0x0000000100000000)
  region size 1024K, 4 young (4096K), 4 survivors (4096K)
 Metaspace       used 110760K, capacity 113532K, committed 113792K, reserved 1148928K
  class space    used 14101K, capacity 15112K, committed 15232K, reserved 1048576K
}
Event: 5278.456 GC heap before
{Heap before GC invocations=74 (full 0):
 garbage-first heap   total 225280K, used 192015K [0x0000000080000000, 0x0000000100000000)
  region size 1024K, 47 young (48128K), 4 survivors (4096K)
 Metaspace       used 110153K, capacity 112547K, committed 113792K, reserved 1148928K
  class space    used 13959K, capacity 14850K, committed 15232K, reserved 1048576K
}
Event: 5278.474 GC heap after
{Heap after GC invocations=75 (full 0):
 garbage-first heap   total 225280K, used 146674K [0x0000000080000000, 0x0000000100000000)
  region size 1024K, 2 young (2048K), 2 survivors (2048K)
 Metaspace       used 110153K, capacity 112547K, committed 113792K, reserved 1148928K
  class space    used 13959K, capacity 14850K, committed 15232K, reserved 1048576K
}
Event: 5782.449 GC heap before
{Heap before GC invocations=75 (full 0):
 garbage-first heap   total 225280K, used 155890K [0x0000000080000000, 0x0000000100000000)
  region size 1024K, 11 young (11264K), 2 survivors (2048K)
 Metaspace       used 110153K, capacity 112547K, committed 113792K, reserved 1148928K
  class space    used 13959K, capacity 14850K, committed 15232K, reserved 1048576K
}
Event: 5782.495 GC heap after
{Heap after GC invocations=76 (full 0):
 garbage-first heap   total 225280K, used 140806K [0x0000000080000000, 0x0000000100000000)
  region size 1024K, 1 young (1024K), 1 survivors (1024K)
 Metaspace       used 110153K, capacity 112547K, committed 113792K, reserved 1148928K
  class space    used 13959K, capacity 14850K, committed 15232K, reserved 1048576K
}
Event: 6211.735 GC heap before
{Heap before GC invocations=76 (full 0):
 garbage-first heap   total 225280K, used 188934K [0x0000000080000000, 0x0000000100000000)
  region size 1024K, 48 young (49152K), 1 survivors (1024K)
 Metaspace       used 111275K, capacity 114017K, committed 114688K, reserved 1148928K
  class space    used 14147K, capacity 15161K, committed 15360K, reserved 1048576K
}
Event: 6211.746 GC heap after
{Heap after GC invocations=77 (full 0):
 garbage-first heap   total 225280K, used 144622K [0x0000000080000000, 0x0000000100000000)
  region size 1024K, 5 young (5120K), 5 survivors (5120K)
 Metaspace       used 111275K, capacity 114017K, committed 114688K, reserved 1148928K
  class space    used 14147K, capacity 15161K, committed 15360K, reserved 1048576K
}

